{
  "RSpec": {
    "coverage": {
      "/Users/neowax/code/projects/veronica/app/models/article.rb": [
        1,
        null,
        1,
        null,
        1,
        null,
        1,
        1,
        1,
        null,
        1,
        null,
        1,
        null,
        null
      ],
      "/Users/neowax/code/projects/veronica/app/models/application_record.rb": [
        1,
        1,
        null
      ],
      "/Users/neowax/code/projects/veronica/app/uploaders/photo_uploader.rb": [
        1,
        null,
        1,
        null,
        null
      ],
      "/Users/neowax/code/projects/veronica/app/models/user.rb": [
        null,
        1,
        null,
        null,
        1,
        null,
        1,
        1,
        1,
        1,
        1,
        1,
        null,
        1,
        null,
        1,
        1,
        1,
        null,
        1,
        1,
        null,
        1,
        null,
        1,
        8,
        8,
        0,
        0,
        null,
        null,
        1,
        null,
        1,
        1,
        null,
        1,
        0,
        null,
        null,
        1,
        2,
        null,
        null,
        1,
        0,
        0,
        0,
        0,
        0,
        null,
        0,
        0,
        0,
        0,
        null,
        0,
        0,
        0,
        null,
        null,
        0,
        null,
        null,
        1,
        null,
        1,
        8,
        null,
        null,
        1,
        null,
        0,
        null,
        null,
        null,
        null,
        null,
        null
      ],
      "/Users/neowax/code/projects/veronica/app/models/journey.rb": [
        1,
        1,
        1,
        1,
        1,
        null,
        null,
        null,
        1,
        null,
        1,
        null,
        1,
        1,
        1,
        null,
        1,
        null,
        null,
        null,
        null,
        null,
        1,
        2,
        null,
        null,
        1,
        0,
        null,
        null
      ],
      "/Users/neowax/code/projects/veronica/app/mailers/user_mailer.rb": [
        1,
        null,
        null,
        null,
        null,
        null,
        null,
        null,
        1,
        8,
        null,
        null,
        8,
        0,
        null,
        8,
        null,
        null,
        null,
        null,
        null,
        null,
        null,
        null,
        null,
        null,
        null
      ],
      "/Users/neowax/code/projects/veronica/app/mailers/application_mailer.rb": [
        1,
        null,
        1,
        null,
        null
      ],
      "/Users/neowax/code/projects/veronica/app/models/car.rb": [
        1,
        1,
        1,
        1,
        null,
        1,
        null,
        null
      ],
      "/Users/neowax/code/projects/veronica/app/models/imparted_hour.rb": [
        1,
        1,
        null,
        1,
        1,
        1,
        null,
        1,
        3,
        null,
        null,
        null
      ],
      "/Users/neowax/code/projects/veronica/app/controllers/profiles_controller.rb": [
        1,
        null,
        1,
        1,
        1,
        null,
        1,
        null,
        null,
        null,
        1,
        0,
        null,
        null,
        null,
        1,
        null,
        null,
        1,
        null,
        0,
        0,
        null,
        0,
        0,
        null,
        null,
        null,
        null,
        1,
        null,
        2,
        2,
        2,
        2,
        null,
        2,
        null,
        2,
        2,
        2,
        null,
        2,
        2,
        null,
        2,
        null,
        2,
        null,
        2,
        null,
        2,
        2,
        null,
        null,
        2,
        null,
        2,
        2,
        null,
        null,
        null,
        0,
        0,
        0,
        null,
        null,
        null,
        null,
        null,
        1,
        null,
        0,
        null,
        0,
        0,
        null,
        0,
        null,
        0,
        null,
        0,
        null,
        0,
        0,
        null,
        null,
        0,
        null,
        0,
        null,
        null,
        0,
        0,
        0,
        0,
        null,
        null,
        null,
        null,
        1,
        null,
        1,
        0,
        0,
        null,
        null,
        1,
        0,
        0,
        null,
        null,
        1,
        0,
        null,
        null,
        1,
        2,
        2,
        null,
        2,
        2,
        0,
        null,
        0,
        null,
        null,
        null,
        null,
        2,
        2,
        null,
        2,
        2,
        0,
        null,
        0,
        null,
        null,
        null,
        null,
        null,
        null,
        1,
        2,
        2,
        2,
        2,
        2,
        2,
        2,
        2,
        2,
        2,
        null,
        null,
        null,
        1,
        2,
        2,
        2,
        2,
        2,
        2,
        2,
        2,
        2,
        null,
        2,
        null,
        null,
        null,
        1,
        null,
        2,
        null,
        2,
        0,
        2,
        0,
        2,
        0,
        null,
        null,
        null,
        null,
        1,
        null,
        2,
        2,
        2,
        2,
        2,
        2,
        2,
        null,
        2,
        0,
        0,
        null,
        0,
        null,
        0,
        null,
        0,
        null,
        0,
        null,
        0,
        null,
        0,
        null,
        null,
        null,
        2,
        null,
        null,
        null,
        1,
        null,
        1,
        null,
        2,
        2,
        2,
        null,
        2,
        3,
        null,
        null,
        2,
        null,
        2,
        6,
        null,
        2,
        null,
        null,
        null,
        null
      ],
      "/Users/neowax/code/projects/veronica/app/controllers/application_controller.rb": [
        1,
        1,
        null,
        null,
        1,
        null,
        null,
        1,
        1,
        null,
        null,
        1,
        null,
        null,
        1,
        1,
        null,
        null,
        null,
        null,
        null,
        null,
        null,
        null,
        1,
        0,
        null,
        null,
        1,
        7,
        null,
        null,
        1,
        null,
        1,
        3,
        null,
        null,
        1,
        3,
        null,
        null
      ],
      "/Users/neowax/code/projects/veronica/app/helpers/application_helper.rb": [
        1,
        null,
        null
      ],
      "/Users/neowax/code/projects/veronica/app/helpers/availabilities_helper.rb": [
        1,
        null
      ],
      "/Users/neowax/code/projects/veronica/app/helpers/cars_helper.rb": [
        1,
        null
      ],
      "/Users/neowax/code/projects/veronica/app/helpers/dashboards_helper.rb": [
        1,
        null
      ],
      "/Users/neowax/code/projects/veronica/app/helpers/journeys_helper.rb": [
        1,
        1,
        0,
        null,
        null
      ],
      "/Users/neowax/code/projects/veronica/app/helpers/pages_helper.rb": [
        1,
        null
      ],
      "/Users/neowax/code/projects/veronica/app/helpers/passengers_helper.rb": [
        1,
        null
      ],
      "/Users/neowax/code/projects/veronica/app/helpers/profiles_helper.rb": [
        1,
        null
      ],
      "/Users/neowax/code/projects/veronica/app/helpers/users_helper.rb": [
        1,
        null
      ],
      "/Users/neowax/code/projects/veronica/app/policies/user_policy.rb": [
        1,
        1,
        1,
        0,
        null,
        null,
        null,
        1,
        0,
        null,
        null,
        1,
        0,
        null,
        null,
        1,
        0,
        null,
        null,
        1,
        0,
        null,
        null,
        1,
        0,
        null,
        null,
        1,
        2,
        null,
        null,
        1,
        0,
        null,
        null,
        null
      ],
      "/Users/neowax/code/projects/veronica/app/models/availability.rb": [
        1,
        1,
        null,
        1,
        null,
        null
      ],
      "/Users/neowax/code/projects/veronica/app/models/passenger.rb": [
        1,
        null,
        1,
        null,
        1,
        1,
        null,
        null,
        1,
        null,
        1,
        1,
        null,
        null
      ],
      "/Users/neowax/code/projects/veronica/app/inputs/datetime_picker_input.rb": [
        1,
        1,
        null,
        1,
        null,
        0,
        null,
        null,
        1,
        2,
        null,
        null
      ],
      "/Users/neowax/code/projects/veronica/app/inputs/date_picker_input.rb": [
        1,
        1,
        2,
        2,
        null,
        2,
        2,
        2,
        null,
        null,
        null,
        1,
        4,
        null,
        null,
        1,
        null,
        1,
        2,
        2,
        2,
        null,
        null,
        null,
        null,
        1,
        2,
        2,
        2,
        null,
        null,
        1,
        2,
        0,
        null,
        null,
        1,
        2,
        null,
        null,
        1,
        0,
        null,
        null,
        1,
        0,
        null,
        null,
        1,
        2,
        null,
        null,
        1,
        null,
        null,
        null,
        null,
        2,
        null,
        null,
        1,
        2,
        2,
        null,
        null,
        null
      ],
      "/Users/neowax/code/projects/veronica/app/controllers/imparted_hours_controller.rb": [
        1,
        null,
        1,
        1,
        null,
        1,
        0,
        0,
        null,
        null,
        1,
        1,
        1,
        1,
        null,
        1,
        null,
        1,
        1,
        null,
        0,
        null,
        1,
        null,
        null,
        1,
        0,
        0,
        null,
        null,
        1,
        null,
        1,
        1,
        null,
        null,
        1,
        1,
        null,
        null,
        1,
        0,
        0,
        null,
        null,
        null
      ],
      "/Users/neowax/code/projects/veronica/app/policies/imparted_hour_policy.rb": [
        1,
        1,
        1,
        0,
        null,
        null,
        null,
        1,
        1,
        null,
        null,
        1,
        0,
        null,
        null,
        1,
        1,
        null,
        null
      ],
      "/Users/neowax/code/projects/veronica/app/channels/application_cable/channel.rb": [
        0,
        0,
        0,
        0
      ],
      "/Users/neowax/code/projects/veronica/app/channels/application_cable/connection.rb": [
        0,
        0,
        0,
        0
      ],
      "/Users/neowax/code/projects/veronica/app/controllers/articles_controller.rb": [
        0,
        0,
        0,
        0,
        0,
        0,
        0,
        0,
        0,
        0,
        0,
        0,
        0,
        0,
        0,
        0,
        0,
        0,
        0,
        0,
        0
      ],
      "/Users/neowax/code/projects/veronica/app/controllers/availabilities_controller.rb": [
        0,
        0,
        0,
        0,
        0,
        0,
        0,
        0,
        0,
        0,
        0,
        0,
        0,
        0,
        0,
        0,
        0,
        0,
        0,
        0,
        0,
        0,
        0,
        0,
        0,
        0,
        0,
        0,
        0,
        0,
        0,
        0,
        0,
        0,
        0,
        0,
        0,
        0,
        0,
        0,
        0,
        0,
        0
      ],
      "/Users/neowax/code/projects/veronica/app/controllers/cars_controller.rb": [
        0,
        0,
        0,
        0,
        0,
        0,
        0,
        0,
        0,
        0,
        0,
        0,
        0,
        0,
        0,
        0,
        0,
        0,
        0,
        0,
        0,
        0,
        0,
        0,
        0,
        0,
        0,
        0,
        0,
        0,
        0,
        0,
        0,
        0,
        0,
        0,
        0,
        0,
        0,
        0,
        0,
        0,
        0,
        0,
        0,
        0,
        0,
        0,
        0,
        0,
        0,
        0,
        0,
        0,
        0,
        0,
        0,
        0,
        0,
        0,
        0,
        0,
        0,
        0,
        0,
        0,
        0,
        0,
        0,
        0,
        0,
        0,
        0,
        0,
        0,
        0,
        0,
        0,
        0,
        0,
        0,
        0,
        0,
        0,
        0,
        0,
        0,
        0,
        0,
        0,
        0,
        0,
        0,
        0,
        0,
        0,
        0,
        0,
        0,
        0,
        0,
        0,
        0,
        0,
        0,
        0,
        0,
        0,
        0,
        0,
        0,
        0,
        0
      ],
      "/Users/neowax/code/projects/veronica/app/controllers/journeys_controller.rb": [
        0,
        0,
        0,
        0,
        0,
        0,
        0,
        0,
        0,
        0,
        0,
        0,
        0,
        0,
        0,
        0,
        0,
        0,
        0,
        0,
        0,
        0,
        0,
        0,
        0,
        0,
        0,
        0,
        0,
        0,
        0,
        0,
        0,
        0,
        0,
        0,
        0,
        0,
        0,
        0,
        0,
        0,
        0,
        0,
        0,
        0,
        0,
        0,
        0,
        0,
        0,
        0,
        0,
        0,
        0,
        0,
        0,
        0,
        0,
        0,
        0,
        0,
        0,
        0,
        0,
        0,
        0,
        0,
        0,
        0,
        0,
        0,
        0,
        0,
        0,
        0,
        0,
        0,
        0,
        0,
        0,
        0,
        0,
        0,
        0,
        0,
        0,
        0,
        0,
        0
      ],
      "/Users/neowax/code/projects/veronica/app/controllers/pages_controller.rb": [
        0,
        0,
        0,
        0,
        0,
        0,
        0,
        0
      ],
      "/Users/neowax/code/projects/veronica/app/controllers/passengers_controller.rb": [
        0,
        0,
        0,
        0,
        0,
        0,
        0,
        0,
        0,
        0,
        0,
        0,
        0,
        0,
        0,
        0,
        0,
        0,
        0,
        0,
        0,
        0,
        0,
        0,
        0,
        0,
        0,
        0,
        0,
        0,
        0,
        0,
        0,
        0,
        0,
        0,
        0,
        0,
        0,
        0,
        0,
        0,
        0,
        0,
        0,
        0,
        0,
        0,
        0,
        0,
        0,
        0,
        0,
        0,
        0,
        0,
        0,
        0,
        0,
        0,
        0,
        0
      ],
      "/Users/neowax/code/projects/veronica/app/controllers/registrations/base_controller.rb": [
        0,
        0,
        0,
        0,
        0,
        0,
        0,
        0,
        0,
        0,
        0,
        0,
        0,
        0,
        0,
        0,
        0,
        0,
        0,
        0,
        0,
        0,
        0,
        0,
        0,
        0,
        0,
        0
      ],
      "/Users/neowax/code/projects/veronica/app/controllers/users/omniauth_callbacks_controller.rb": [
        0,
        0,
        0,
        0,
        0,
        0,
        0,
        0,
        0,
        0,
        0,
        0,
        0
      ],
      "/Users/neowax/code/projects/veronica/app/inputs/time_picker_input.rb": [
        0,
        0,
        0,
        0,
        0,
        0,
        0,
        0,
        0,
        0,
        0,
        0,
        0,
        0,
        0
      ],
      "/Users/neowax/code/projects/veronica/app/jobs/application_job.rb": [
        0,
        0
      ],
      "/Users/neowax/code/projects/veronica/app/jobs/subscribe_to_newsletter_job.rb": [
        0,
        0,
        0,
        0,
        0,
        0
      ],
      "/Users/neowax/code/projects/veronica/app/mailers/journey_mailer.rb": [
        0,
        0,
        0,
        0,
        0,
        0,
        0,
        0,
        0,
        0,
        0,
        0,
        0,
        0,
        0,
        0,
        0,
        0,
        0,
        0,
        0,
        0,
        0,
        0,
        0,
        0,
        0,
        0,
        0,
        0,
        0,
        0,
        0,
        0
      ],
      "/Users/neowax/code/projects/veronica/app/mailers/my_devise_mailer.rb": [
        0,
        0,
        0,
        0,
        0,
        0,
        0,
        0,
        0,
        0,
        0,
        0,
        0,
        0,
        0,
        0,
        0,
        0,
        0,
        0,
        0,
        0,
        0,
        0,
        0,
        0,
        0,
        0,
        0,
        0,
        0,
        0,
        0,
        0,
        0,
        0,
        0,
        0,
        0,
        0,
        0,
        0,
        0,
        0,
        0,
        0,
        0
      ],
      "/Users/neowax/code/projects/veronica/app/policies/application_policy.rb": [
        0,
        0,
        0,
        0,
        0,
        0,
        0,
        0,
        0,
        0,
        0,
        0,
        0,
        0,
        0,
        0,
        0,
        0,
        0,
        0,
        0,
        0,
        0,
        0,
        0,
        0,
        0,
        0,
        0,
        0,
        0,
        0,
        0,
        0,
        0,
        0,
        0,
        0,
        0,
        0,
        0,
        0,
        0,
        0,
        0,
        0,
        0,
        0,
        0,
        0,
        0,
        0,
        0
      ],
      "/Users/neowax/code/projects/veronica/app/policies/article_policy.rb": [
        0,
        0,
        0,
        0,
        0,
        0,
        0,
        0,
        0,
        0,
        0
      ],
      "/Users/neowax/code/projects/veronica/app/policies/availability_policy.rb": [
        0,
        0,
        0,
        0,
        0,
        0,
        0,
        0,
        0,
        0,
        0,
        0,
        0,
        0,
        0,
        0,
        0,
        0,
        0,
        0
      ],
      "/Users/neowax/code/projects/veronica/app/policies/car_policy.rb": [
        0,
        0,
        0,
        0,
        0,
        0,
        0,
        0,
        0,
        0,
        0,
        0,
        0,
        0,
        0,
        0,
        0,
        0,
        0,
        0,
        0,
        0,
        0,
        0,
        0,
        0
      ],
      "/Users/neowax/code/projects/veronica/app/policies/journey_policy.rb": [
        0,
        0,
        0,
        0,
        0,
        0,
        0,
        0,
        0,
        0,
        0,
        0,
        0,
        0,
        0,
        0,
        0,
        0,
        0,
        0,
        0,
        0,
        0,
        0,
        0,
        0,
        0,
        0,
        0,
        0,
        0,
        0,
        0,
        0,
        0,
        0,
        0,
        0,
        0,
        0
      ],
      "/Users/neowax/code/projects/veronica/app/policies/passenger_policy.rb": [
        0,
        0,
        0,
        0,
        0,
        0,
        0,
        0,
        0,
        0,
        0,
        0,
        0,
        0,
        0,
        0,
        0,
        0,
        0,
        0,
        0,
        0,
        0,
        0,
        0,
        0,
        0,
        0,
        0,
        0,
        0
      ],
      "/Users/neowax/code/projects/veronica/app/services/subscribe_to_newsletter_service.rb": [
        0,
        0,
        0,
        0,
        0,
        0,
        0,
        0,
        0,
        0,
        0,
        0,
        0,
        0,
        0,
        0,
        0,
        0,
        0,
        0,
        0,
        0,
        0,
        0,
        0
      ]
    },
    "timestamp": 1490704798
  }
}
