{
  "RSpec": {
    "coverage": {
      "/Users/neowax/code/projects/veronica/app/models/article.rb": [
        1,
        null,
        1,
        null,
        1,
        null,
        1,
        1,
        1,
        null,
        1,
        null,
        1,
        null,
        null
      ],
      "/Users/neowax/code/projects/veronica/app/models/application_record.rb": [
        1,
        1,
        null
      ],
      "/Users/neowax/code/projects/veronica/app/uploaders/photo_uploader.rb": [
        1,
        null,
        1,
        null,
        null
      ],
      "/Users/neowax/code/projects/veronica/app/models/user.rb": [
        null,
        1,
        null,
        null,
        1,
        null,
        1,
        1,
        1,
        1,
        1,
        1,
        null,
        1,
        null,
        1,
        1,
        1,
        null,
        1,
        1,
        null,
        1,
        null,
        1,

        0,
        0,
        null,
        null,
        1,
        null,
        1,
        1,
        null,
        1,
        0,
        null,
        null,
        1,
        null,
        null,
        1,
        0,
        0,
        0,
        0,
        0,
        null,
        0,
        0,
        0,
        0,
        null,
        0,
        0,
        0,
        null,
        null,
        0,
        null,
        null,
        1,
        null,
        1,
        null,
        null,
        1,
        null,
        0,
        null,
        null,
        null,
        null,
        null,
        null
      ],
      "/Users/neowax/code/projects/veronica/app/models/journey.rb": [
        1,
        1,
        1,
        1,
        1,
        null,
        null,
        null,
        1,
        null,
        1,
        null,
        1,
        1,
        1,
        null,
        1,
        null,
        null,
        null,
        null,
        null,
        1,
        null,
        null,
        1,
        0,
        null,
        null
      ],
      "/Users/neowax/code/projects/veronica/app/mailers/user_mailer.rb": [
        1,
        null,
        null,
        null,
        null,
        null,
        null,
        null,
        1,
        null,
        null,
        null,
        null,
        null,
        null,
        null,
        null,
        null,
        null,
        null
      ],
      "/Users/neowax/code/projects/veronica/app/mailers/application_mailer.rb": [
        1,
        null,
        1,
        null,
        null
      ],
      "/Users/neowax/code/projects/veronica/app/models/car.rb": [
        1,
        1,
        1,
        1,
        null,
        1,
        null,
        null
      ],
      "/Users/neowax/code/projects/veronica/app/models/imparted_hour.rb": [
        1,
        1,
        null,
        1,
        1,
        1,
        null,
        1,
        null,
        null,
        null
     